<?xml version="1.0" encoding="UTF-8"?>
<!-- Generated by org.testng.reporters.JUnitReportReporter -->
<testsuite skipped="0" hostname="DESKTOP-15MQ1MA" name="DemoExcercise.NewTest" tests="4" failures="0" timestamp="17 Mar 2021 06:48:37 GMT" time="14.256" errors="0">
  <testcase name="Test4" time="4.473" classname="DemoExcercise.NewTest"/>
  <testcase name="Test1" time="2.850" classname="DemoExcercise.NewTest"/>
  <testcase name="Test2" time="2.314" classname="DemoExcercise.NewTest"/>
  <testcase name="Test3" time="4.619" classname="DemoExcercise.NewTest"/>
</testsuite> <!-- DemoExcercise.NewTest -->
